<?xml version="1.0" encoding="UTF-8"?>
<!-- Generated by org.testng.reporters.JUnitXMLReporter -->
<testsuite hostname="WINCTRL-S7O5VAO" ignored="0" name="hub spot Test" tests="5" failures="1" timestamp="21 Jan 2020 15:06:27 GMT" time="139.177" errors="0">
  <testcase name="verifyloginPageTitleTest" time="6.111" classname="com.qa.hubspot.tests.LoginTest"/>
  <testcase name="verifyHomePageTitleTest" time="0.551" classname="com.qa.hubspot.tests.HomePageTest"/>
  <testcase name="loginTest" time="7.99" classname="com.qa.hubspot.tests.LoginTest"/>
  <testcase name="verifyHomePageHeaderTest" time="0.826" classname="com.qa.hubspot.tests.HomePageTest"/>
  <testcase name="verifyLoggedInUserAccountTest" time="0.548" classname="com.qa.hubspot.tests.HomePageTest">
    <failure type="java.lang.AssertionError" message="expected [true] but found [false]">
      <![CDATA[java.lang.AssertionError: expected [true] but found [false]
at com.qa.hubspot.tests.HomePageTest.verifyLoggedInUserAccountTest(HomePageTest.java:57)
... Removed 32 stack frames]]>
    </failure>
  </testcase> <!-- verifyLoggedInUserAccountTest -->
</testsuite> <!-- hub spot Test -->
