<?xml version="1.0" encoding="UTF-8"?>
<testng-results skipped="0" failed="1" ignored="0" total="5" passed="4">
  <reporter-output>
  </reporter-output>
  <suite name="Hub Spot Test Suite" duration-ms="139177" started-at="2020-01-21T15:04:07Z" finished-at="2020-01-21T15:06:26Z">
    <groups>
    </groups>
    <test name="hub spot Test" duration-ms="139177" started-at="2020-01-21T15:04:07Z" finished-at="2020-01-21T15:06:26Z">
      <class name="com.qa.hubspot.tests.HomePageTest">
        <test-method status="PASS" signature="SetUp()[pri:0, instance:com.qa.hubspot.tests.HomePageTest@b7f23d9]" name="SetUp" is-config="true" duration-ms="25852" started-at="2020-01-21T15:04:41Z" finished-at="2020-01-21T15:05:07Z">
          <reporter-output>
          </reporter-output>
        </test-method> <!-- SetUp -->
        <test-method status="PASS" signature="verifyHomePageTitleTest()[pri:1, instance:com.qa.hubspot.tests.HomePageTest@b7f23d9]" name="verifyHomePageTitleTest" duration-ms="551" started-at="2020-01-21T15:05:07Z" finished-at="2020-01-21T15:05:08Z">
          <reporter-output>
          </reporter-output>
        </test-method> <!-- verifyHomePageTitleTest -->
        <test-method status="PASS" signature="tearDown()[pri:0, instance:com.qa.hubspot.tests.HomePageTest@b7f23d9]" name="tearDown" is-config="true" duration-ms="4191" started-at="2020-01-21T15:05:08Z" finished-at="2020-01-21T15:05:12Z">
          <reporter-output>
          </reporter-output>
        </test-method> <!-- tearDown -->
        <test-method status="PASS" signature="SetUp()[pri:0, instance:com.qa.hubspot.tests.HomePageTest@b7f23d9]" name="SetUp" is-config="true" duration-ms="25717" started-at="2020-01-21T15:05:32Z" finished-at="2020-01-21T15:05:58Z">
          <reporter-output>
          </reporter-output>
        </test-method> <!-- SetUp -->
        <test-method status="PASS" signature="verifyHomePageHeaderTest()[pri:2, instance:com.qa.hubspot.tests.HomePageTest@b7f23d9]" name="verifyHomePageHeaderTest" duration-ms="826" started-at="2020-01-21T15:05:58Z" finished-at="2020-01-21T15:05:58Z">
          <reporter-output>
          </reporter-output>
        </test-method> <!-- verifyHomePageHeaderTest -->
        <test-method status="PASS" signature="tearDown()[pri:0, instance:com.qa.hubspot.tests.HomePageTest@b7f23d9]" name="tearDown" is-config="true" duration-ms="209" started-at="2020-01-21T15:05:58Z" finished-at="2020-01-21T15:05:59Z">
          <reporter-output>
          </reporter-output>
        </test-method> <!-- tearDown -->
        <test-method status="PASS" signature="SetUp()[pri:0, instance:com.qa.hubspot.tests.HomePageTest@b7f23d9]" name="SetUp" is-config="true" duration-ms="26033" started-at="2020-01-21T15:05:59Z" finished-at="2020-01-21T15:06:25Z">
          <reporter-output>
          </reporter-output>
        </test-method> <!-- SetUp -->
        <test-method status="FAIL" signature="verifyLoggedInUserAccountTest()[pri:3, instance:com.qa.hubspot.tests.HomePageTest@b7f23d9]" name="verifyLoggedInUserAccountTest" duration-ms="548" started-at="2020-01-21T15:06:25Z" finished-at="2020-01-21T15:06:25Z">
          <exception class="java.lang.AssertionError">
            <message>
              <![CDATA[expected [true] but found [false]]]>
            </message>
            <full-stacktrace>
              <![CDATA[java.lang.AssertionError: expected [true] but found [false]
at org.testng.Assert.fail(Assert.java:96)
at org.testng.Assert.failNotEquals(Assert.java:776)
at org.testng.Assert.assertTrue(Assert.java:44)
at org.testng.Assert.assertTrue(Assert.java:54)
at com.qa.hubspot.tests.HomePageTest.verifyLoggedInUserAccountTest(HomePageTest.java:57)
at sun.reflect.NativeMethodAccessorImpl.invoke0(Native Method)
at sun.reflect.NativeMethodAccessorImpl.invoke(NativeMethodAccessorImpl.java:62)
at sun.reflect.DelegatingMethodAccessorImpl.invoke(DelegatingMethodAccessorImpl.java:43)
at java.lang.reflect.Method.invoke(Method.java:498)
at org.testng.internal.MethodInvocationHelper.invokeMethod(MethodInvocationHelper.java:124)
at org.testng.internal.Invoker.invokeMethod(Invoker.java:583)
at org.testng.internal.Invoker.invokeTestMethod(Invoker.java:719)
at org.testng.internal.Invoker.invokeTestMethods(Invoker.java:989)
at org.testng.internal.TestMethodWorker.invokeTestMethods(TestMethodWorker.java:125)
at org.testng.internal.TestMethodWorker.run(TestMethodWorker.java:109)
at org.testng.TestRunner.privateRun(TestRunner.java:648)
at org.testng.TestRunner.run(TestRunner.java:505)
at org.testng.SuiteRunner.runTest(SuiteRunner.java:455)
at org.testng.SuiteRunner.runSequentially(SuiteRunner.java:450)
at org.testng.SuiteRunner.privateRun(SuiteRunner.java:415)
at org.testng.SuiteRunner.run(SuiteRunner.java:364)
at org.testng.SuiteRunnerWorker.runSuite(SuiteRunnerWorker.java:52)
at org.testng.SuiteRunnerWorker.run(SuiteRunnerWorker.java:84)
at org.testng.TestNG.runSuitesSequentially(TestNG.java:1208)
at org.testng.TestNG.runSuitesLocally(TestNG.java:1137)
at org.testng.TestNG.runSuites(TestNG.java:1049)
at org.testng.TestNG.run(TestNG.java:1017)
at org.apache.maven.surefire.testng.TestNGExecutor.run(TestNGExecutor.java:283)
at org.apache.maven.surefire.testng.TestNGXmlTestSuite.execute(TestNGXmlTestSuite.java:75)
at org.apache.maven.surefire.testng.TestNGProvider.invoke(TestNGProvider.java:120)
at org.apache.maven.surefire.booter.ForkedBooter.invokeProviderInSameClassLoader(ForkedBooter.java:386)
at org.apache.maven.surefire.booter.ForkedBooter.runSuitesInProcess(ForkedBooter.java:323)
at org.apache.maven.surefire.booter.ForkedBooter.main(ForkedBooter.java:143)
]]>
            </full-stacktrace>
          </exception> <!-- java.lang.AssertionError -->
          <reporter-output>
          </reporter-output>
        </test-method> <!-- verifyLoggedInUserAccountTest -->
        <test-method status="PASS" signature="tearDown()[pri:0, instance:com.qa.hubspot.tests.HomePageTest@b7f23d9]" name="tearDown" is-config="true" duration-ms="408" started-at="2020-01-21T15:06:26Z" finished-at="2020-01-21T15:06:26Z">
          <reporter-output>
          </reporter-output>
        </test-method> <!-- tearDown -->
      </class> <!-- com.qa.hubspot.tests.HomePageTest -->
      <class name="com.qa.hubspot.tests.LoginTest">
        <test-method status="PASS" signature="SetUp()[pri:0, instance:com.qa.hubspot.tests.LoginTest@58c1c010]" name="SetUp" is-config="true" duration-ms="25981" started-at="2020-01-21T15:04:07Z" finished-at="2020-01-21T15:04:33Z">
          <reporter-output>
          </reporter-output>
        </test-method> <!-- SetUp -->
        <test-method status="PASS" signature="verifyloginPageTitleTest()[pri:1, instance:com.qa.hubspot.tests.LoginTest@58c1c010]" name="verifyloginPageTitleTest" duration-ms="6111" started-at="2020-01-21T15:04:34Z" finished-at="2020-01-21T15:04:40Z">
          <reporter-output>
          </reporter-output>
        </test-method> <!-- verifyloginPageTitleTest -->
        <test-method status="PASS" signature="tearDown()[pri:0, instance:com.qa.hubspot.tests.LoginTest@58c1c010]" name="tearDown" is-config="true" duration-ms="879" started-at="2020-01-21T15:04:40Z" finished-at="2020-01-21T15:04:41Z">
          <reporter-output>
          </reporter-output>
        </test-method> <!-- tearDown -->
        <test-method status="PASS" signature="SetUp()[pri:0, instance:com.qa.hubspot.tests.LoginTest@58c1c010]" name="SetUp" is-config="true" duration-ms="10556" started-at="2020-01-21T15:05:12Z" finished-at="2020-01-21T15:05:23Z">
          <reporter-output>
          </reporter-output>
        </test-method> <!-- SetUp -->
        <test-method status="PASS" signature="loginTest()[pri:2, instance:com.qa.hubspot.tests.LoginTest@58c1c010]" name="loginTest" duration-ms="7990" started-at="2020-01-21T15:05:23Z" finished-at="2020-01-21T15:05:31Z">
          <reporter-output>
          </reporter-output>
        </test-method> <!-- loginTest -->
        <test-method status="PASS" signature="tearDown()[pri:0, instance:com.qa.hubspot.tests.LoginTest@58c1c010]" name="tearDown" is-config="true" duration-ms="1175" started-at="2020-01-21T15:05:31Z" finished-at="2020-01-21T15:05:32Z">
          <reporter-output>
          </reporter-output>
        </test-method> <!-- tearDown -->
      </class> <!-- com.qa.hubspot.tests.LoginTest -->
    </test> <!-- hub spot Test -->
  </suite> <!-- Hub Spot Test Suite -->
</testng-results>
