<?xml version="1.0" encoding="UTF-8"?>
<!-- Generated by org.testng.reporters.JUnitXMLReporter -->
<testsuite hostname="WINCTRL-S7O5VAO" ignored="0" name="hub spot Test" tests="5" failures="1" timestamp="19 Jan 2020 10:15:38 GMT" time="141.221" errors="0">
  <testcase name="verifyloginPageTitleTest" time="3.037" classname="com.qa.hubspot.tests.LoginTest"/>
  <testcase name="verifyHomePageTitleTest" time="0.812" classname="com.qa.hubspot.tests.HomePageTest"/>
  <testcase name="loginTest" time="5.102" classname="com.qa.hubspot.tests.LoginTest"/>
  <testcase name="verifyHomePageHeaderTest" time="0.743" classname="com.qa.hubspot.tests.HomePageTest"/>
  <testcase name="verifyLoggedInUserAccountTest" time="0.756" classname="com.qa.hubspot.tests.HomePageTest">
    <failure type="java.lang.AssertionError" message="expected [true] but found [false]">
      <![CDATA[java.lang.AssertionError: expected [true] but found [false]
at com.qa.hubspot.tests.HomePageTest.verifyLoggedInUserAccountTest(HomePageTest.java:57)
... Removed 29 stack frames]]>
    </failure>
  </testcase> <!-- verifyLoggedInUserAccountTest -->
</testsuite> <!-- hub spot Test -->
